<?xml version="1.0" encoding="UTF-8"?>
<testsuite name="cleat.JsonHelperTest" tests="34" skipped="0" failures="0" errors="0" timestamp="2026-05-10T12:23:59.924Z" hostname="richard-lenovo1" time="0.057">
  <properties/>
  <testcase name="testEscapeJsonQuotes()" classname="cleat.JsonHelperTest" time="0.002"/>
  <testcase name="testEscapeJsonControlChar()" classname="cleat.JsonHelperTest" time="0.001"/>
  <testcase name="testParsePrimitiveDoubleThrowsOnString()" classname="cleat.JsonHelperTest" time="0.002"/>
  <testcase name="testParseDouble()" classname="cleat.JsonHelperTest" time="0.001"/>
  <testcase name="testParseBooleanFalse()" classname="cleat.JsonHelperTest" time="0.001"/>
  <testcase name="testStringifyInteger()" classname="cleat.JsonHelperTest" time="0.001"/>
  <testcase name="testParseScientificNotation()" classname="cleat.JsonHelperTest" time="0.001"/>
  <testcase name="testParseObject()" classname="cleat.JsonHelperTest" time="0.001"/>
  <testcase name="testParseString()" classname="cleat.JsonHelperTest" time="0.001"/>
  <testcase name="testParseDoubleInteger()" classname="cleat.JsonHelperTest" time="0.001"/>
  <testcase name="testParseLong()" classname="cleat.JsonHelperTest" time="0.001"/>
  <testcase name="testParseNull()" classname="cleat.JsonHelperTest" time="0.0"/>
  <testcase name="testParsePrimitiveIntThrowsOnString()" classname="cleat.JsonHelperTest" time="0.001"/>
  <testcase name="testEscapeJsonEmpty()" classname="cleat.JsonHelperTest" time="0.001"/>
  <testcase name="testEscapeJsonPlain()" classname="cleat.JsonHelperTest" time="0.0"/>
  <testcase name="testEscapeJsonBackslash()" classname="cleat.JsonHelperTest" time="0.001"/>
  <testcase name="testEscapeJsonBackspace()" classname="cleat.JsonHelperTest" time="0.001"/>
  <testcase name="testEscapeJsonNewline()" classname="cleat.JsonHelperTest" time="0.001"/>
  <testcase name="testEscapeJsonMultipleSpecials()" classname="cleat.JsonHelperTest" time="0.001"/>
  <testcase name="testParseIntegerNegative()" classname="cleat.JsonHelperTest" time="0.001"/>
  <testcase name="testEscapeJsonTab()" classname="cleat.JsonHelperTest" time="0.001"/>
  <testcase name="testStringifyString()" classname="cleat.JsonHelperTest" time="0.001"/>
  <testcase name="testParseNullString()" classname="cleat.JsonHelperTest" time="0.001"/>
  <testcase name="testStringifyBoolean()" classname="cleat.JsonHelperTest" time="0.001"/>
  <testcase name="testParseBooleanTrue()" classname="cleat.JsonHelperTest" time="0.001"/>
  <testcase name="testErrorJson()" classname="cleat.JsonHelperTest" time="0.001"/>
  <testcase name="testParseInteger()" classname="cleat.JsonHelperTest" time="0.001"/>
  <testcase name="testEscapeJsonNull()" classname="cleat.JsonHelperTest" time="0.001"/>
  <testcase name="testEscapeJsonCarriageReturn()" classname="cleat.JsonHelperTest" time="0.001"/>
  <testcase name="testErrorJsonEscapesMessage()" classname="cleat.JsonHelperTest" time="0.001"/>
  <testcase name="testStringifyStringWithEscaping()" classname="cleat.JsonHelperTest" time="0.001"/>
  <testcase name="testParseObjectGeneric()" classname="cleat.JsonHelperTest" time="0.001"/>
  <testcase name="testEscapeJsonFormFeed()" classname="cleat.JsonHelperTest" time="0.0"/>
  <testcase name="testStringifyNull()" classname="cleat.JsonHelperTest" time="0.001"/>
  <system-out><![CDATA[]]></system-out>
  <system-err><![CDATA[]]></system-err>
</testsuite>
