<?xml version="1.0" encoding="UTF-8"?>
<testsuite name="cleat.TestHostCallsTest" tests="74" skipped="0" failures="1" errors="0" timestamp="2026-05-10T12:23:59.745Z" hostname="richard-lenovo1" time="0.175">
  <properties/>
  <testcase name="testSetRunIdChangesReturnValue()" classname="cleat.TestHostCallsTest" time="0.003"/>
  <testcase name="testSetTimeAndAdvanceTime()" classname="cleat.TestHostCallsTest" time="0.004"/>
  <testcase name="testPollSignalReturnsDeliveredSignal()" classname="cleat.TestHostCallsTest" time="0.002"/>
  <testcase name="testSetWorkflowIdChangesReturnValue()" classname="cleat.TestHostCallsTest" time="0.001"/>
  <testcase name="testSendSignalAndWaitTimesOutByDefault()" classname="cleat.TestHostCallsTest" time="0.007"/>
  <testcase name="testChildWorkflowReturnsRunId()" classname="cleat.TestHostCallsTest" time="0.006"/>
  <testcase name="testRejectPromiseOnNonExistentIdReturnsError()" classname="cleat.TestHostCallsTest" time="0.001"/>
  <testcase name="testCallCountReturnsCorrectNumber()" classname="cleat.TestHostCallsTest" time="0.002"/>
  <testcase name="testHasStateReturnsFalseForMissingKey()" classname="cleat.TestHostCallsTest" time="0.001"/>
  <testcase name="testCleatCallWithoutStubReturnsError()" classname="cleat.TestHostCallsTest" time="0.002"/>
  <testcase name="testPluginCallReturnsStubbedResult()" classname="cleat.TestHostCallsTest" time="0.001"/>
  <testcase name="testCallCountReturnsZeroForUncalledService()" classname="cleat.TestHostCallsTest" time="0.001"/>
  <testcase name="testPollSignalForUndeliveredSignalReturnsError()" classname="cleat.TestHostCallsTest" time="0.001"/>
  <testcase name="testRegisterQueryHandlerDoesNotThrow()" classname="cleat.TestHostCallsTest" time="0.001"/>
  <testcase name="testCleatCallWithStubReturnsSuccess()" classname="cleat.TestHostCallsTest" time="0.0"/>
  <testcase name="testCleatSleepAdvancesClock()" classname="cleat.TestHostCallsTest" time="0.008"/>
  <testcase name="testAssertCallCountMismatch()" classname="cleat.TestHostCallsTest" time="0.001"/>
  <testcase name="testSetScopeReturnsPreviousScope()" classname="cleat.TestHostCallsTest" time="0.001"/>
  <testcase name="testAssertCallCountExactMatch()" classname="cleat.TestHostCallsTest" time="0.001"/>
  <testcase name="testCleatDeferReturnsDeferId()" classname="cleat.TestHostCallsTest" time="0.002"/>
  <testcase name="testVersionReturnsSetValue()" classname="cleat.TestHostCallsTest" time="0.002"/>
  <testcase name="testCleatCallWithStubRecordsCallHistory()" classname="cleat.TestHostCallsTest" time="0.001"/>
  <testcase name="testClearScopeWhenNoScopeSet()" classname="cleat.TestHostCallsTest" time="0.002"/>
  <testcase name="testCleatSendRecordsCallInHistory()" classname="cleat.TestHostCallsTest" time="0.001"/>
  <testcase name="testRandomReturnsZeroAfterSequenceExhausted()" classname="cleat.TestHostCallsTest" time="0.0"/>
  <testcase name="testCleatLogDoesNotThrow()" classname="cleat.TestHostCallsTest" time="0.0"/>
  <testcase name="testRetrySimulationResetsOnSetRetrySimulation()" classname="cleat.TestHostCallsTest" time="0.006"/>
  <testcase name="testChildWorkflowIncrementsRunId()" classname="cleat.TestHostCallsTest" time="0.001"/>
  <testcase name="testAdvanceTimeWithZero()" classname="cleat.TestHostCallsTest" time="0.003"/>
  <testcase name="testAssertNotCalledReturnsTrueForUninvoked()" classname="cleat.TestHostCallsTest" time="0.001"/>
  <testcase name="testSetQueryStateAndGetQueryState()" classname="cleat.TestHostCallsTest" time="0.001"/>
  <testcase name="testGetScopeReturnsScopedValues()" classname="cleat.TestHostCallsTest" time="0.001"/>
  <testcase name="testRegisterChildWorkflowStubReturnsStubbedResult()" classname="cleat.TestHostCallsTest" time="0.001"/>
  <testcase name="testRegisterUpdateHandlerDoesNotThrow()" classname="cleat.TestHostCallsTest" time="0.001"/>
  <testcase name="testContinueAsNewSetsFlag()" classname="cleat.TestHostCallsTest" time="0.001"/>
  <testcase name="testStateFullCRUD()" classname="cleat.TestHostCallsTest" time="0.001"/>
  <testcase name="testRandomReturnsPreconfiguredSequence()" classname="cleat.TestHostCallsTest" time="0.007"/>
  <testcase name="testRetrySimulationFailsFirstNCallsThenSucceeds()" classname="cleat.TestHostCallsTest" time="0.002"/>
  <testcase name="testPluginCallWithoutStubReturnsError()" classname="cleat.TestHostCallsTest" time="0.001"/>
  <testcase name="testCleatDeferIncrementsDeferId()" classname="cleat.TestHostCallsTest" time="0.001"/>
  <testcase name="testMinVersionDefaultsTo1()" classname="cleat.TestHostCallsTest" time="0.0"/>
  <testcase name="testAwaitSignalsReceivesDeliveredSignal()" classname="cleat.TestHostCallsTest" time="0.002"/>
  <testcase name="testPromiseFullLifecycle()" classname="cleat.TestHostCallsTest" time="0.002"/>
  <testcase name="testRejectPromiseCausesAwaitToReturnError()" classname="cleat.TestHostCallsTest" time="0.001"/>
  <testcase name="testAssertNotCalledReturnsFalseAfterCall()" classname="cleat.TestHostCallsTest" time="0.001"/>
  <testcase name="testAwaitSignalsTimeoutReturnsTimedOut()" classname="cleat.TestHostCallsTest" time="0.001"/>
  <testcase name="testReplyToSignalWithKnownCorrelationIdSucceeds()" classname="cleat.TestHostCallsTest" time="0.001"/>
  <testcase name="testSignalWorkflowDeliversSignal()" classname="cleat.TestHostCallsTest" time="0.001"/>
  <testcase name="testMinVersionReturnsSetValue()" classname="cleat.TestHostCallsTest" time="0.001"/>
  <testcase name="testReplyToSignalWithUnknownIdReturnsError()" classname="cleat.TestHostCallsTest" time="0.001"/>
  <testcase name="testCurrentRunIdDefaults()" classname="cleat.TestHostCallsTest" time="0.001"/>
  <testcase name="testPollCancellationAfterSetCancelledFalse()" classname="cleat.TestHostCallsTest" time="0.001"/>
  <testcase name="testScopePrefixesStateKeys()" classname="cleat.TestHostCallsTest" time="0.002">
    <failure message="org.opentest4j.AssertionFailedError: Expected hasState('status') to return false when scope is set (key should be prefixed) ==&gt; expected: &lt;false&gt; but was: &lt;true&gt;" type="org.opentest4j.AssertionFailedError">org.opentest4j.AssertionFailedError: Expected hasState('status') to return false when scope is set (key should be prefixed) ==&gt; expected: &lt;false&gt; but was: &lt;true&gt;
	at app//org.junit.jupiter.api.AssertionFailureBuilder.build(AssertionFailureBuilder.java:151)
	at app//org.junit.jupiter.api.AssertionFailureBuilder.buildAndThrow(AssertionFailureBuilder.java:132)
	at app//org.junit.jupiter.api.AssertFalse.failNotFalse(AssertFalse.java:63)
	at app//org.junit.jupiter.api.AssertFalse.assertFalse(AssertFalse.java:36)
	at app//org.junit.jupiter.api.Assertions.assertFalse(Assertions.java:235)
	at app//cleat.TestHostCallsTest.testScopePrefixesStateKeys(TestHostCallsTest.java:651)
	at java.base@21.0.11/jdk.internal.reflect.DirectMethodHandleAccessor.invoke(DirectMethodHandleAccessor.java:103)
	at java.base@21.0.11/java.lang.reflect.Method.invoke(Method.java:580)
	at app//org.junit.platform.commons.util.ReflectionUtils.invokeMethod(ReflectionUtils.java:728)
	at app//org.junit.jupiter.engine.execution.MethodInvocation.proceed(MethodInvocation.java:60)
	at app//org.junit.jupiter.engine.execution.InvocationInterceptorChain$ValidatingInvocation.proceed(InvocationInterceptorChain.java:131)
	at app//org.junit.jupiter.engine.extension.TimeoutExtension.intercept(TimeoutExtension.java:156)
	at app//org.junit.jupiter.engine.extension.TimeoutExtension.interceptTestableMethod(TimeoutExtension.java:147)
	at app//org.junit.jupiter.engine.extension.TimeoutExtension.interceptTestMethod(TimeoutExtension.java:86)
	at app//org.junit.jupiter.engine.execution.InterceptingExecutableInvoker$ReflectiveInterceptorCall.lambda$ofVoidMethod$0(InterceptingExecutableInvoker.java:103)
	at app//org.junit.jupiter.engine.execution.InterceptingExecutableInvoker.lambda$invoke$0(InterceptingExecutableInvoker.java:93)
	at app//org.junit.jupiter.engine.execution.InvocationInterceptorChain$InterceptedInvocation.proceed(InvocationInterceptorChain.java:106)
	at app//org.junit.jupiter.engine.execution.InvocationInterceptorChain.proceed(InvocationInterceptorChain.java:64)
	at app//org.junit.jupiter.engine.execution.InvocationInterceptorChain.chainAndInvoke(InvocationInterceptorChain.java:45)
	at app//org.junit.jupiter.engine.execution.InvocationInterceptorChain.invoke(InvocationInterceptorChain.java:37)
	at app//org.junit.jupiter.engine.execution.InterceptingExecutableInvoker.invoke(InterceptingExecutableInvoker.java:92)
	at app//org.junit.jupiter.engine.execution.InterceptingExecutableInvoker.invoke(InterceptingExecutableInvoker.java:86)
	at app//org.junit.jupiter.engine.descriptor.TestMethodTestDescriptor.lambda$invokeTestMethod$7(TestMethodTestDescriptor.java:218)
	at app//org.junit.platform.engine.support.hierarchical.ThrowableCollector.execute(ThrowableCollector.java:73)
	at app//org.junit.jupiter.engine.descriptor.TestMethodTestDescriptor.invokeTestMethod(TestMethodTestDescriptor.java:214)
	at app//org.junit.jupiter.engine.descriptor.TestMethodTestDescriptor.execute(TestMethodTestDescriptor.java:139)
	at app//org.junit.jupiter.engine.descriptor.TestMethodTestDescriptor.execute(TestMethodTestDescriptor.java:69)
	at app//org.junit.platform.engine.support.hierarchical.NodeTestTask.lambda$executeRecursively$6(NodeTestTask.java:151)
	at app//org.junit.platform.engine.support.hierarchical.ThrowableCollector.execute(ThrowableCollector.java:73)
	at app//org.junit.platform.engine.support.hierarchical.NodeTestTask.lambda$executeRecursively$8(NodeTestTask.java:141)
	at app//org.junit.platform.engine.support.hierarchical.Node.around(Node.java:137)
	at app//org.junit.platform.engine.support.hierarchical.NodeTestTask.lambda$executeRecursively$9(NodeTestTask.java:139)
	at app//org.junit.platform.engine.support.hierarchical.ThrowableCollector.execute(ThrowableCollector.java:73)
	at app//org.junit.platform.engine.support.hierarchical.NodeTestTask.executeRecursively(NodeTestTask.java:138)
	at app//org.junit.platform.engine.support.hierarchical.NodeTestTask.execute(NodeTestTask.java:95)
	at java.base@21.0.11/java.util.ArrayList.forEach(ArrayList.java:1596)
	at app//org.junit.platform.engine.support.hierarchical.SameThreadHierarchicalTestExecutorService.invokeAll(SameThreadHierarchicalTestExecutorService.java:41)
	at app//org.junit.platform.engine.support.hierarchical.NodeTestTask.lambda$executeRecursively$6(NodeTestTask.java:155)
	at app//org.junit.platform.engine.support.hierarchical.ThrowableCollector.execute(ThrowableCollector.java:73)
	at app//org.junit.platform.engine.support.hierarchical.NodeTestTask.lambda$executeRecursively$8(NodeTestTask.java:141)
	at app//org.junit.platform.engine.support.hierarchical.Node.around(Node.java:137)
	at app//org.junit.platform.engine.support.hierarchical.NodeTestTask.lambda$executeRecursively$9(NodeTestTask.java:139)
	at app//org.junit.platform.engine.support.hierarchical.ThrowableCollector.execute(ThrowableCollector.java:73)
	at app//org.junit.platform.engine.support.hierarchical.NodeTestTask.executeRecursively(NodeTestTask.java:138)
	at app//org.junit.platform.engine.support.hierarchical.NodeTestTask.execute(NodeTestTask.java:95)
	at java.base@21.0.11/java.util.ArrayList.forEach(ArrayList.java:1596)
	at app//org.junit.platform.engine.support.hierarchical.SameThreadHierarchicalTestExecutorService.invokeAll(SameThreadHierarchicalTestExecutorService.java:41)
	at app//org.junit.platform.engine.support.hierarchical.NodeTestTask.lambda$executeRecursively$6(NodeTestTask.java:155)
	at app//org.junit.platform.engine.support.hierarchical.ThrowableCollector.execute(ThrowableCollector.java:73)
	at app//org.junit.platform.engine.support.hierarchical.NodeTestTask.lambda$executeRecursively$8(NodeTestTask.java:141)
	at app//org.junit.platform.engine.support.hierarchical.Node.around(Node.java:137)
	at app//org.junit.platform.engine.support.hierarchical.NodeTestTask.lambda$executeRecursively$9(NodeTestTask.java:139)
	at app//org.junit.platform.engine.support.hierarchical.ThrowableCollector.execute(ThrowableCollector.java:73)
	at app//org.junit.platform.engine.support.hierarchical.NodeTestTask.executeRecursively(NodeTestTask.java:138)
	at app//org.junit.platform.engine.support.hierarchical.NodeTestTask.execute(NodeTestTask.java:95)
	at app//org.junit.platform.engine.support.hierarchical.SameThreadHierarchicalTestExecutorService.submit(SameThreadHierarchicalTestExecutorService.java:35)
	at app//org.junit.platform.engine.support.hierarchical.HierarchicalTestExecutor.execute(HierarchicalTestExecutor.java:57)
	at app//org.junit.platform.engine.support.hierarchical.HierarchicalTestEngine.execute(HierarchicalTestEngine.java:54)
	at app//org.junit.platform.launcher.core.EngineExecutionOrchestrator.execute(EngineExecutionOrchestrator.java:107)
	at app//org.junit.platform.launcher.core.EngineExecutionOrchestrator.execute(EngineExecutionOrchestrator.java:88)
	at app//org.junit.platform.launcher.core.EngineExecutionOrchestrator.lambda$execute$0(EngineExecutionOrchestrator.java:54)
	at app//org.junit.platform.launcher.core.EngineExecutionOrchestrator.withInterceptedStreams(EngineExecutionOrchestrator.java:67)
	at app//org.junit.platform.launcher.core.EngineExecutionOrchestrator.execute(EngineExecutionOrchestrator.java:52)
	at app//org.junit.platform.launcher.core.DefaultLauncher.execute(DefaultLauncher.java:114)
	at app//org.junit.platform.launcher.core.DefaultLauncher.execute(DefaultLauncher.java:86)
	at app//org.junit.platform.launcher.core.DefaultLauncherSession$DelegatingLauncher.execute(DefaultLauncherSession.java:86)
	at org.gradle.api.internal.tasks.testing.junitplatform.JUnitPlatformTestClassProcessor$CollectAllTestClassesExecutor.processAllTestClasses(JUnitPlatformTestClassProcessor.java:124)
	at org.gradle.api.internal.tasks.testing.junitplatform.JUnitPlatformTestClassProcessor$CollectAllTestClassesExecutor.access$000(JUnitPlatformTestClassProcessor.java:99)
	at org.gradle.api.internal.tasks.testing.junitplatform.JUnitPlatformTestClassProcessor.stop(JUnitPlatformTestClassProcessor.java:94)
	at org.gradle.api.internal.tasks.testing.SuiteTestClassProcessor.stop(SuiteTestClassProcessor.java:63)
	at java.base@21.0.11/jdk.internal.reflect.DirectMethodHandleAccessor.invoke(DirectMethodHandleAccessor.java:103)
	at java.base@21.0.11/java.lang.reflect.Method.invoke(Method.java:580)
	at org.gradle.internal.dispatch.ReflectionDispatch.dispatch(ReflectionDispatch.java:36)
	at org.gradle.internal.dispatch.ReflectionDispatch.dispatch(ReflectionDispatch.java:24)
	at org.gradle.internal.dispatch.ContextClassLoaderDispatch.dispatch(ContextClassLoaderDispatch.java:33)
	at org.gradle.internal.dispatch.ProxyDispatchAdapter$DispatchingInvocationHandler.invoke(ProxyDispatchAdapter.java:92)
	at jdk.proxy1/jdk.proxy1.$Proxy4.stop(Unknown Source)
	at org.gradle.api.internal.tasks.testing.worker.TestWorker$3.run(TestWorker.java:200)
	at org.gradle.api.internal.tasks.testing.worker.TestWorker.executeAndMaintainThreadName(TestWorker.java:132)
	at org.gradle.api.internal.tasks.testing.worker.TestWorker.execute(TestWorker.java:103)
	at org.gradle.api.internal.tasks.testing.worker.TestWorker.execute(TestWorker.java:63)
	at org.gradle.process.internal.worker.child.ActionExecutionWorker.execute(ActionExecutionWorker.java:56)
	at org.gradle.process.internal.worker.child.SystemApplicationClassLoaderWorker.call(SystemApplicationClassLoaderWorker.java:121)
	at org.gradle.process.internal.worker.child.SystemApplicationClassLoaderWorker.call(SystemApplicationClassLoaderWorker.java:71)
	at app//worker.org.gradle.process.internal.worker.GradleWorkerMain.run(GradleWorkerMain.java:69)
	at app//worker.org.gradle.process.internal.worker.GradleWorkerMain.main(GradleWorkerMain.java:74)
</failure>
  </testcase>
  <testcase name="testRunDetachedReturnsSuccess()" classname="cleat.TestHostCallsTest" time="0.001"/>
  <testcase name="testReadQueryStateReturnsSetValue()" classname="cleat.TestHostCallsTest" time="0.001"/>
  <testcase name="testGetStateMissingKeyReturnsError()" classname="cleat.TestHostCallsTest" time="0.001"/>
  <testcase name="testConsecutiveCallStubsAreConsumed()" classname="cleat.TestHostCallsTest" time="0.001"/>
  <testcase name="testReadQueryStateReturnsNullForMissingKey()" classname="cleat.TestHostCallsTest" time="0.001"/>
  <testcase name="testAwaitAllChildrenReturnsResults()" classname="cleat.TestHostCallsTest" time="0.002"/>
  <testcase name="testListStateWithNoMatchesReturnsEmptyArray()" classname="cleat.TestHostCallsTest" time="0.001"/>
  <testcase name="testIncrStateNegativeDelta()" classname="cleat.TestHostCallsTest" time="0.001"/>
  <testcase name="testPollCancellationReturnsFalseByDefault()" classname="cleat.TestHostCallsTest" time="0.001"/>
  <testcase name="testClearScopeReturnsPreviousScope()" classname="cleat.TestHostCallsTest" time="0.002"/>
  <testcase name="testPollCancellationReturnsTrueAfterSetCancelled()" classname="cleat.TestHostCallsTest" time="0.001"/>
  <testcase name="testCleatSleepReturnsFalse()" classname="cleat.TestHostCallsTest" time="0.001"/>
  <testcase name="testCleatCallWithErrorStubReturnsError()" classname="cleat.TestHostCallsTest" time="0.001"/>
  <testcase name="testScheduleInvokeDoesNotThrow()" classname="cleat.TestHostCallsTest" time="0.001"/>
  <testcase name="testCurrentWorkflowIdDefaults()" classname="cleat.TestHostCallsTest" time="0.001"/>
  <testcase name="testIncrStateMultipleIncrements()" classname="cleat.TestHostCallsTest" time="0.001"/>
  <testcase name="testIncrStateIncrementsFromZero()" classname="cleat.TestHostCallsTest" time="0.001"/>
  <testcase name="testResetReturnsToCleanState()" classname="cleat.TestHostCallsTest" time="0.002"/>
  <testcase name="testGetCallHistoryContainsCorrectEntries()" classname="cleat.TestHostCallsTest" time="0.002"/>
  <testcase name="testGetQueryStateMissingKeyReturnsError()" classname="cleat.TestHostCallsTest" time="0.001"/>
  <testcase name="testVersionDefaultsTo1()" classname="cleat.TestHostCallsTest" time="0.001"/>
  <system-out><![CDATA[]]></system-out>
  <system-err><![CDATA[]]></system-err>
</testsuite>
